
ROM used:   154/8192 (2%)
            154/8192 (2%) including unused fragments

            0.2 Average locations per line
            3.9 Average locations per statement

RAM used:   14/368 (4%) at main() level
            14/368 (4%) worst case

Stack used: 1 worst case (0 in main + 1 for interrupts)
Stack size: 8

Lines Stmts  %   Files
----- ----- ---  -----
   73    39 100  main.c
  639     0   0  ..\..\..\..\..\..\..\Program Files (x86)\PICC\Devices\16f877.h
----- -----
  712    39 Total

Page ROM  %  RAM   Vol Diff  Functions:
---- --- --- ---   --- ----  ----------
0      7   5    0    29  1.2  timer0_kesme
0     32  21    0   383  5.1  timer1_kesme
0     59  38    0   455  2.9  MAIN
 Inline         0             @cinit1

Program metrics:
    Functions               3
    Statements              39
    Comments                119
    Volume (V)              1074
    Difficulty (D)          9.6
    Effort to implement (E) 10265
    Time to implement (T)   10 minutes
    Est Delivered Bugs (B)  0
    Cyclomatic Complexity   3
    Maintainability (MI)    82

 Segment     Used  Free
-----------  ----  ----
00000-00003     4  0  
00004-00037    52  0  
00038-007FF    98  1894  
00800-00FFF     0  2048  
01000-017FF     0  2048  
01800-01FFF     0  2048  



